<?xml version="1.0" encoding="UTF-8"?>
<testsuite name="com.learncamel.route.SimpleCamelRouteMockTest" time="0.526" tests="1" errors="1" skipped="0" failures="0">
  <properties>
    <property name="java.runtime.name" value="Java(TM) SE Runtime Environment"/>
    <property name="sun.boot.library.path" value="C:\Program Files\Java\jdk1.8.0_202\jre\bin"/>
    <property name="java.vm.version" value="25.202-b08"/>
    <property name="java.vm.vendor" value="Oracle Corporation"/>
    <property name="maven.multiModuleProjectDirectory" value="H:/wiretap/learncamel-spring-boot-wiretap"/>
    <property name="java.vendor.url" value="http://java.oracle.com/"/>
    <property name="path.separator" value=";"/>
    <property name="guice.disable.misplaced.annotation.check" value="true"/>
    <property name="java.vm.name" value="Java HotSpot(TM) 64-Bit Server VM"/>
    <property name="file.encoding.pkg" value="sun.io"/>
    <property name="user.script" value=""/>
    <property name="user.country" value="US"/>
    <property name="sun.java.launcher" value="SUN_STANDARD"/>
    <property name="sun.os.patch.level" value=""/>
    <property name="java.vm.specification.name" value="Java Virtual Machine Specification"/>
    <property name="user.dir" value="H:\wiretap\learncamel-spring-boot-wiretap"/>
    <property name="java.runtime.version" value="1.8.0_202-b08"/>
    <property name="java.awt.graphicsenv" value="sun.awt.Win32GraphicsEnvironment"/>
    <property name="java.endorsed.dirs" value="C:\Program Files\Java\jdk1.8.0_202\jre\lib\endorsed"/>
    <property name="os.arch" value="amd64"/>
    <property name="java.io.tmpdir" value="C:\Users\lenovo\AppData\Local\Temp\"/>
    <property name="line.separator" value="&#10;"/>
    <property name="java.vm.specification.vendor" value="Oracle Corporation"/>
    <property name="user.variant" value=""/>
    <property name="os.name" value="Windows 10"/>
    <property name="classworlds.conf" value="D:/soft/apache-maven-3.8.3/bin/m2.conf"/>
    <property name="sun.jnu.encoding" value="Cp1252"/>
    <property name="java.library.path" value="C:\Program Files\Java\jdk1.8.0_202\bin;C:\Windows\Sun\Java\bin;C:\Windows\system32;C:\Windows;C:\Users\lenovo\bin;C:\Program Files\Git\mingw64\bin;C:\Program Files\Git\usr\local\bin;C:\Program Files\Git\usr\bin;C:\Program Files\Git\usr\bin;C:\Program Files\Git\mingw64\bin;C:\Program Files\Git\usr\bin;C:\Users\lenovo\bin;C:\Program Files (x86)\Common Files\Oracle\Java\javapath;C:\Windows\system32;C:\Windows;C:\Windows\System32\Wbem;C:\Windows\System32\WindowsPowerShell\v1.0;C:\Windows\System32\OpenSSH;C:\Program Files\Git\cmd;C:\Program Files\Git\mingw64\bin;C:\Program Files\Git\usr\bin;C:\Program Files\Java\jdk1.8.0_202\bin;D:\soft\apache-maven-3.8.3\bin;C:\Users\lenovo\AppData\Local\Microsoft\WindowsApps;C:\Program Files\Git\usr\bin\vendor_perl;C:\Program Files\Git\usr\bin\core_perl;."/>
    <property name="maven.conf" value="D:/soft/apache-maven-3.8.3/conf"/>
    <property name="java.specification.name" value="Java Platform API Specification"/>
    <property name="java.class.version" value="52.0"/>
    <property name="sun.management.compiler" value="HotSpot 64-Bit Tiered Compilers"/>
    <property name="os.version" value="10.0"/>
    <property name="library.jansi.path" value="D:/soft/apache-maven-3.8.3/lib/jansi-native"/>
    <property name="user.home" value="C:\Users\lenovo"/>
    <property name="user.timezone" value="Asia/Calcutta"/>
    <property name="java.awt.printerjob" value="sun.awt.windows.WPrinterJob"/>
    <property name="java.specification.version" value="1.8"/>
    <property name="file.encoding" value="Cp1252"/>
    <property name="user.name" value="lenovo"/>
    <property name="java.class.path" value="D:/soft/apache-maven-3.8.3/boot/plexus-classworlds-2.6.0.jar"/>
    <property name="java.vm.specification.version" value="1.8"/>
    <property name="sun.arch.data.model" value="64"/>
    <property name="java.home" value="C:\Program Files\Java\jdk1.8.0_202\jre"/>
    <property name="sun.java.command" value="org.codehaus.plexus.classworlds.launcher.Launcher clean install"/>
    <property name="java.specification.vendor" value="Oracle Corporation"/>
    <property name="user.language" value="en"/>
    <property name="awt.toolkit" value="sun.awt.windows.WToolkit"/>
    <property name="java.vm.info" value="mixed mode"/>
    <property name="java.version" value="1.8.0_202"/>
    <property name="java.ext.dirs" value="C:\Program Files\Java\jdk1.8.0_202\jre\lib\ext;C:\Windows\Sun\Java\lib\ext"/>
    <property name="sun.boot.class.path" value="C:\Program Files\Java\jdk1.8.0_202\jre\lib\resources.jar;C:\Program Files\Java\jdk1.8.0_202\jre\lib\rt.jar;C:\Program Files\Java\jdk1.8.0_202\jre\lib\sunrsasign.jar;C:\Program Files\Java\jdk1.8.0_202\jre\lib\jsse.jar;C:\Program Files\Java\jdk1.8.0_202\jre\lib\jce.jar;C:\Program Files\Java\jdk1.8.0_202\jre\lib\charsets.jar;C:\Program Files\Java\jdk1.8.0_202\jre\lib\jfr.jar;C:\Program Files\Java\jdk1.8.0_202\jre\classes"/>
    <property name="sun.stderr.encoding" value="cp65001"/>
    <property name="java.vendor" value="Oracle Corporation"/>
    <property name="maven.home" value="D:\soft\apache-maven-3.8.3"/>
    <property name="file.separator" value="\"/>
    <property name="java.vendor.url.bug" value="http://bugreport.sun.com/bugreport/"/>
    <property name="sun.cpu.endian" value="little"/>
    <property name="sun.io.unicode.encoding" value="UnicodeLittle"/>
    <property name="sun.stdout.encoding" value="cp65001"/>
    <property name="sun.desktop" value="windows"/>
    <property name="sun.cpu.isalist" value="amd64"/>
  </properties>
  <testcase name="testMoveFileMock" classname="com.learncamel.route.SimpleCamelRouteMockTest" time="0.526">
    <error message="Exception occurred during execution on the exchange: Exchange[ID-DESKTOP-AH2VL3Q-1635246678176-1-1]" type="org.apache.camel.CamelExecutionException">org.apache.camel.CamelExecutionException: Exception occurred during execution on the exchange: Exchange[ID-DESKTOP-AH2VL3Q-1635246678176-1-1]
	at org.apache.camel.component.direct.DirectProducer.process(DirectProducer.java:55)
	at org.apache.camel.processor.SharedCamelInternalProcessor.process(SharedCamelInternalProcessor.java:186)
	at org.apache.camel.processor.SharedCamelInternalProcessor.process(SharedCamelInternalProcessor.java:86)
	at org.apache.camel.impl.ProducerCache$1.doInProducer(ProducerCache.java:541)
	at org.apache.camel.impl.ProducerCache$1.doInProducer(ProducerCache.java:506)
	at org.apache.camel.impl.ProducerCache.doInProducer(ProducerCache.java:369)
	at org.apache.camel.impl.ProducerCache.sendExchange(ProducerCache.java:506)
	at org.apache.camel.impl.ProducerCache.send(ProducerCache.java:229)
	at org.apache.camel.impl.DefaultProducerTemplate.send(DefaultProducerTemplate.java:144)
	at org.apache.camel.impl.DefaultProducerTemplate.sendBodyAndHeader(DefaultProducerTemplate.java:187)
	at org.apache.camel.impl.DefaultProducerTemplate.sendBodyAndHeader(DefaultProducerTemplate.java:183)
	at com.learncamel.route.SimpleCamelRouteMockTest.testMoveFileMock(SimpleCamelRouteMockTest.java:52)
</error>
    <system-out><![CDATA[26-10-2021 16:41:23.615 &amp#27;[32m[main]&amp#27;[0;39m &amp#27;[34mINFO &amp#27;[0;39m o.s.b.t.c.SpringBootTestContextBootstrapper.buildDefaultMergedContextConfiguration - Neither @ContextConfiguration nor @ContextHierarchy found for test class [com.learncamel.route.SimpleCamelRouteMockTest], using SpringBootContextLoader
26-10-2021 16:41:23.616 &amp#27;[32m[main]&amp#27;[0;39m &amp#27;[34mINFO &amp#27;[0;39m o.s.t.c.s.AbstractContextLoader.generateDefaultLocations - Could not detect default resource locations for test class [com.learncamel.route.SimpleCamelRouteMockTest]: no resource found for suffixes {-context.xml, Context.groovy}.
26-10-2021 16:41:23.617 &amp#27;[32m[main]&amp#27;[0;39m &amp#27;[34mINFO &amp#27;[0;39m o.s.t.c.s.AnnotationConfigContextLoaderUtils.detectDefaultConfigurationClasses - Could not detect default configuration classes for test class [com.learncamel.route.SimpleCamelRouteMockTest]: SimpleCamelRouteMockTest does not declare any static, non-private, non-final, nested classes annotated with @Configuration.
26-10-2021 16:41:23.630 &amp#27;[32m[main]&amp#27;[0;39m &amp#27;[34mINFO &amp#27;[0;39m o.s.b.t.c.SpringBootTestContextBootstrapper.getOrFindConfigurationClasses - Found @SpringBootConfiguration com.learncamel.LearncamelSpringBootApplication for test class com.learncamel.route.SimpleCamelRouteMockTest
26-10-2021 16:41:23.657 &amp#27;[32m[main]&amp#27;[0;39m &amp#27;[34mINFO &amp#27;[0;39m o.s.b.t.c.SpringBootTestContextBootstrapper.getDefaultTestExecutionListenerClassNames - Loaded default TestExecutionListener class names from location [META-INF/spring.factories]: [org.springframework.boot.test.mock.mockito.MockitoTestExecutionListener, org.springframework.boot.test.mock.mockito.ResetMocksTestExecutionListener, org.springframework.boot.test.autoconfigure.restdocs.RestDocsTestExecutionListener, org.springframework.boot.test.autoconfigure.web.client.MockRestServiceServerResetTestExecutionListener, org.springframework.boot.test.autoconfigure.web.servlet.MockMvcPrintOnlyOnFailureTestExecutionListener, org.springframework.boot.test.autoconfigure.web.servlet.WebDriverTestExecutionListener, org.springframework.test.context.web.ServletTestExecutionListener, org.springframework.test.context.support.DirtiesContextBeforeModesTestExecutionListener, org.springframework.test.context.support.DependencyInjectionTestExecutionListener, org.springframework.test.context.support.DirtiesContextTestExecutionListener, org.springframework.test.context.transaction.TransactionalTestExecutionListener, org.springframework.test.context.jdbc.SqlScriptsTestExecutionListener]
26-10-2021 16:41:23.662 &amp#27;[32m[main]&amp#27;[0;39m &amp#27;[34mINFO &amp#27;[0;39m o.s.b.t.c.SpringBootTestContextBootstrapper.getTestExecutionListeners - Using TestExecutionListeners: [org.springframework.test.context.web.ServletTestExecutionListener@65ef9a0a, org.springframework.test.context.support.DirtiesContextBeforeModesTestExecutionListener@25216999, org.springframework.boot.test.autoconfigure.SpringBootDependencyInjectionTestExecutionListener@77e6761f, org.springframework.test.context.support.DirtiesContextTestExecutionListener@5c997de8, org.springframework.test.context.transaction.TransactionalTestExecutionListener@45bf93bb, org.springframework.test.context.jdbc.SqlScriptsTestExecutionListener@6b7c4734, org.springframework.boot.test.mock.mockito.MockitoTestExecutionListener@2f6e92ca, org.springframework.boot.test.autoconfigure.restdocs.RestDocsTestExecutionListener@380fdcf2, org.springframework.boot.test.autoconfigure.web.servlet.WebDriverTestExecutionListener@114b203, org.springframework.boot.test.mock.mockito.ResetMocksTestExecutionListener@8d810f2, org.springframework.boot.test.autoconfigure.web.client.MockRestServiceServerResetTestExecutionListener@537b3be1, org.springframework.boot.test.autoconfigure.web.servlet.MockMvcPrintOnlyOnFailureTestExecutionListener@15d58530]
26-10-2021 16:41:23.668 &amp#27;[32m[main]&amp#27;[0;39m &amp#27;[34mINFO &amp#27;[0;39m o.a.c.t.s.CamelSpringBootExecutionListener.prepareTestInstance - @RunWith(CamelSpringBootJUnit4ClassRunner.class) preparing: class com.learncamel.route.SimpleCamelRouteMockTest

  .   ____          _            __ _ _
 /\\ / ___'_ __ _ _(_)_ __  __ _ \ \ \ \
( ( )\___ | '_ | '_| | '_ \/ _` | \ \ \ \
 \\/  ___)| |_)| | | | | || (_| |  ) ) ) )
  '  |____| .__|_| |_|_| |_\__, | / / / /
 =========|_|==============|___/=/_/_/_/
 :: Spring Boot ::        (v1.5.9.RELEASE)

26-10-2021 16:41:23.805 &amp#27;[32m[main]&amp#27;[0;39m &amp#27;[34mINFO &amp#27;[0;39m c.l.route.SimpleCamelRouteMockTest.logStarting - Starting SimpleCamelRouteMockTest on DESKTOP-AH2VL3Q with PID 15604 (started by lenovo in H:\wiretap\learncamel-spring-boot-wiretap)
26-10-2021 16:41:23.806 &amp#27;[32m[main]&amp#27;[0;39m &amp#27;[34mINFO &amp#27;[0;39m c.l.route.SimpleCamelRouteMockTest.logStartupProfileInfo - The following profiles are active: mock
26-10-2021 16:41:23.810 &amp#27;[32m[main]&amp#27;[0;39m &amp#27;[34mINFO &amp#27;[0;39m o.s.w.c.s.GenericWebApplicationContext.prepareRefresh - Refreshing org.springframework.web.context.support.GenericWebApplicationContext@7c206b14: startup date [Tue Oct 26 16:41:23 IST 2021]; root of context hierarchy
26-10-2021 16:41:24.770 &amp#27;[32m[main]&amp#27;[0;39m &amp#27;[34mINFO &amp#27;[0;39m o.s.c.s.PostProcessorRegistrationDelegate$BeanPostProcessorChecker.postProcessAfterInitialization - Bean 'org.apache.camel.spring.boot.CamelAutoConfiguration' of type [org.apache.camel.spring.boot.CamelAutoConfiguration$$EnhancerBySpringCGLIB$$10472ac9] is not eligible for getting processed by all BeanPostProcessors (for example: not eligible for auto-proxying)
26-10-2021 16:41:25.394 &amp#27;[32m[main]&amp#27;[0;39m &amp#27;[34mINFO &amp#27;[0;39m o.s.w.s.m.m.a.RequestMappingHandlerAdapter.initControllerAdviceCache - Looking for @ControllerAdvice: org.springframework.web.context.support.GenericWebApplicationContext@7c206b14: startup date [Tue Oct 26 16:41:23 IST 2021]; root of context hierarchy
26-10-2021 16:41:25.419 &amp#27;[32m[main]&amp#27;[0;39m &amp#27;[34mINFO &amp#27;[0;39m o.s.w.s.m.m.a.RequestMappingHandlerMapping.register - Mapped "{[/error]}" onto public org.springframework.http.ResponseEntity<java.util.Map<java.lang.String, java.lang.Object>> org.springframework.boot.autoconfigure.web.BasicErrorController.error(javax.servlet.http.HttpServletRequest)
26-10-2021 16:41:25.419 &amp#27;[32m[main]&amp#27;[0;39m &amp#27;[34mINFO &amp#27;[0;39m o.s.w.s.m.m.a.RequestMappingHandlerMapping.register - Mapped "{[/error],produces=[text/html]}" onto public org.springframework.web.servlet.ModelAndView org.springframework.boot.autoconfigure.web.BasicErrorController.errorHtml(javax.servlet.http.HttpServletRequest,javax.servlet.http.HttpServletResponse)
26-10-2021 16:41:25.461 &amp#27;[32m[main]&amp#27;[0;39m &amp#27;[34mINFO &amp#27;[0;39m o.s.w.s.h.SimpleUrlHandlerMapping.registerHandler - Mapped URL path [/webjars/**] onto handler of type [class org.springframework.web.servlet.resource.ResourceHttpRequestHandler]
26-10-2021 16:41:25.464 &amp#27;[32m[main]&amp#27;[0;39m &amp#27;[34mINFO &amp#27;[0;39m o.s.w.s.h.SimpleUrlHandlerMapping.registerHandler - Mapped URL path [/**] onto handler of type [class org.springframework.web.servlet.resource.ResourceHttpRequestHandler]
26-10-2021 16:41:25.551 &amp#27;[32m[main]&amp#27;[0;39m &amp#27;[34mINFO &amp#27;[0;39m o.s.w.s.h.SimpleUrlHandlerMapping.registerHandler - Mapped URL path [/**/favicon.ico] onto handler of type [class org.springframework.web.servlet.resource.ResourceHttpRequestHandler]
26-10-2021 16:41:25.735 &amp#27;[32m[main]&amp#27;[0;39m &amp#27;[31mWARN &amp#27;[0;39m o.a.c.i.DefaultCamelBeanPostProcessor.postProcessBeforeInitialization - No CamelContext defined yet so cannot inject into bean: routesHealthCheckRepository
26-10-2021 16:41:25.772 &amp#27;[32m[main]&amp#27;[0;39m &amp#27;[34mINFO &amp#27;[0;39m o.a.c.i.c.DefaultTypeConverter.doStart - Type converters loaded (core: 192, classpath: 1)
26-10-2021 16:41:26.983 &amp#27;[32m[main]&amp#27;[0;39m &amp#27;[34mINFO &amp#27;[0;39m o.a.c.spring.boot.RoutesCollector.loadXmlRoutes - Loading additional Camel XML routes from: classpath:camel/*.xml
26-10-2021 16:41:26.984 &amp#27;[32m[main]&amp#27;[0;39m &amp#27;[34mINFO &amp#27;[0;39m o.a.c.spring.boot.RoutesCollector.loadXmlRests - Loading additional Camel XML rests from: classpath:camel-rest/*.xml
26-10-2021 16:41:26.994 &amp#27;[32m[main]&amp#27;[0;39m &amp#27;[34mINFO &amp#27;[0;39m c.l.route.SimpleCamelRouteMockTest.logStarted - Started SimpleCamelRouteMockTest in 3.311 seconds (JVM running for 15.087)
26-10-2021 16:41:26.999 &amp#27;[32m[main]&amp#27;[0;39m &amp#27;[34mINFO &amp#27;[0;39m o.a.c.t.s.CamelAnnotationsHandler.execute - Setting shutdown timeout to [10 SECONDS] on CamelContext with name [camelContext].
26-10-2021 16:41:27.014 &amp#27;[32m[main]&amp#27;[0;39m &amp#27;[31mWARN &amp#27;[0;39m o.s.b.f.a.AutowiredAnnotationBeanPostProcessor.doWith - Autowired annotation should only be used on methods with parameters: protected org.apache.camel.CamelContext com.learncamel.route.SimpleCamelRouteMockTest.createCamelContext()
26-10-2021 16:41:27.031 &amp#27;[32m[main]&amp#27;[0;39m &amp#27;[34mINFO &amp#27;[0;39m o.a.c.t.s.CamelSpringBootExecutionListener.beforeTestMethod - @RunWith(CamelSpringBootJUnit4ClassRunner.class) before: class com.learncamel.route.SimpleCamelRouteMockTest.testMoveFileMock
26-10-2021 16:41:27.033 &amp#27;[32m[main]&amp#27;[0;39m &amp#27;[34mINFO &amp#27;[0;39m o.a.c.t.s.CamelSpringBootExecutionListener.beforeTestMethod - Initialized CamelSpringBootJUnit4ClassRunner now ready to start CamelContext
26-10-2021 16:41:27.034 &amp#27;[32m[main]&amp#27;[0;39m &amp#27;[34mINFO &amp#27;[0;39m o.a.c.t.s.CamelAnnotationsHandler.execute - Starting CamelContext with name [camelContext].
26-10-2021 16:41:27.035 &amp#27;[32m[main]&amp#27;[0;39m &amp#27;[34mINFO &amp#27;[0;39m o.a.camel.spring.SpringCamelContext.start - Apache Camel 2.20.1 (CamelContext: camel-2) is starting
26-10-2021 16:41:27.036 &amp#27;[32m[main]&amp#27;[0;39m &amp#27;[34mINFO &amp#27;[0;39m o.a.c.m.ManagedManagementStrategy.doStart - JMX is enabled
26-10-2021 16:41:27.184 &amp#27;[32m[main]&amp#27;[0;39m &amp#27;[34mINFO &amp#27;[0;39m o.a.camel.spring.SpringCamelContext.doStartCamel - StreamCaching is not in use. If using streams then its recommended to enable stream caching. See more details at http://camel.apache.org/stream-caching.html
26-10-2021 16:41:27.261 &amp#27;[32m[main]&amp#27;[0;39m &amp#27;[34mINFO &amp#27;[0;39m o.a.camel.spring.SpringCamelContext.doStartOrResumeRouteConsumers - Route: route4 started and consuming from: timer://hello?period=10s
26-10-2021 16:41:27.267 &amp#27;[32m[main]&amp#27;[0;39m &amp#27;[34mINFO &amp#27;[0;39m o.a.camel.spring.SpringCamelContext.doStartOrResumeRouteConsumers - Route: route5 started and consuming from: direct://processOrder
26-10-2021 16:41:27.283 &amp#27;[32m[main]&amp#27;[0;39m &amp#27;[34mINFO &amp#27;[0;39m o.a.camel.spring.SpringCamelContext.doStartOrResumeRouteConsumers - Route: route6 started and consuming from: direct://processItem
26-10-2021 16:41:27.283 &amp#27;[32m[main]&amp#27;[0;39m &amp#27;[34mINFO &amp#27;[0;39m o.a.camel.spring.SpringCamelContext.start - Total 3 routes, of which 3 are started
26-10-2021 16:41:27.284 &amp#27;[32m[main]&amp#27;[0;39m &amp#27;[34mINFO &amp#27;[0;39m o.a.camel.spring.SpringCamelContext.start - Apache Camel 2.20.1 (CamelContext: camel-2) started in 0.250 seconds
26-10-2021 16:41:27.288 &amp#27;[32m[main]&amp#27;[0;39m &amp#27;[34mINFO &amp#27;[0;39m c.l.route.SimpleCamelRouteMockTest.setUp - ********************************************************************************
26-10-2021 16:41:27.289 &amp#27;[32m[main]&amp#27;[0;39m &amp#27;[34mINFO &amp#27;[0;39m c.l.route.SimpleCamelRouteMockTest.setUp - Testing: testMoveFileMock(com.learncamel.route.SimpleCamelRouteMockTest)
26-10-2021 16:41:27.290 &amp#27;[32m[main]&amp#27;[0;39m &amp#27;[34mINFO &amp#27;[0;39m c.l.route.SimpleCamelRouteMockTest.setUp - ********************************************************************************
26-10-2021 16:41:27.375 &amp#27;[32m[main]&amp#27;[0;39m &amp#27;[34mINFO &amp#27;[0;39m c.l.route.SimpleCamelRouteMockTest.tearDown - ********************************************************************************
26-10-2021 16:41:27.376 &amp#27;[32m[main]&amp#27;[0;39m &amp#27;[34mINFO &amp#27;[0;39m c.l.route.SimpleCamelRouteMockTest.tearDown - Testing done: testMoveFileMock(com.learncamel.route.SimpleCamelRouteMockTest)
26-10-2021 16:41:27.376 &amp#27;[32m[main]&amp#27;[0;39m &amp#27;[34mINFO &amp#27;[0;39m c.l.route.SimpleCamelRouteMockTest.tearDown - Took: 0.074 seconds (74 millis)
26-10-2021 16:41:27.376 &amp#27;[32m[main]&amp#27;[0;39m &amp#27;[34mINFO &amp#27;[0;39m c.l.route.SimpleCamelRouteMockTest.tearDown - ********************************************************************************
26-10-2021 16:41:27.377 &amp#27;[32m[main]&amp#27;[0;39m &amp#27;[34mINFO &amp#27;[0;39m o.a.camel.spring.SpringCamelContext.doStop - Apache Camel 2.20.1 (CamelContext: camel-2) is shutting down
26-10-2021 16:41:27.377 &amp#27;[32m[main]&amp#27;[0;39m &amp#27;[34mINFO &amp#27;[0;39m o.a.c.impl.DefaultShutdownStrategy.doShutdown - Starting to graceful shutdown 3 routes (timeout 10 seconds)
26-10-2021 16:41:27.422 &amp#27;[32m[Camel (camel-2) thread #4 - ShutdownTask]&amp#27;[0;39m &amp#27;[34mINFO &amp#27;[0;39m o.a.c.impl.DefaultShutdownStrategy.run - Route: route6 shutdown complete, was consuming from: direct://processItem
26-10-2021 16:41:27.423 &amp#27;[32m[Camel (camel-2) thread #4 - ShutdownTask]&amp#27;[0;39m &amp#27;[34mINFO &amp#27;[0;39m o.a.c.impl.DefaultShutdownStrategy.run - Route: route5 shutdown complete, was consuming from: direct://processOrder
26-10-2021 16:41:27.424 &amp#27;[32m[Camel (camel-2) thread #4 - ShutdownTask]&amp#27;[0;39m &amp#27;[34mINFO &amp#27;[0;39m o.a.c.impl.DefaultShutdownStrategy.run - Route: route4 shutdown complete, was consuming from: timer://hello?period=10s
26-10-2021 16:41:27.425 &amp#27;[32m[main]&amp#27;[0;39m &amp#27;[34mINFO &amp#27;[0;39m o.a.c.impl.DefaultShutdownStrategy.doShutdown - Graceful shutdown of 3 routes completed in 0 seconds
26-10-2021 16:41:27.447 &amp#27;[32m[main]&amp#27;[0;39m &amp#27;[34mINFO &amp#27;[0;39m o.a.camel.spring.SpringCamelContext.doStop - Apache Camel 2.20.1 (CamelContext: camel-2) uptime 0.413 seconds
26-10-2021 16:41:27.448 &amp#27;[32m[main]&amp#27;[0;39m &amp#27;[34mINFO &amp#27;[0;39m o.a.camel.spring.SpringCamelContext.doStop - Apache Camel 2.20.1 (CamelContext: camel-2) is shutdown in 0.070 seconds
26-10-2021 16:41:27.456 &amp#27;[32m[main]&amp#27;[0;39m &amp#27;[34mINFO &amp#27;[0;39m o.s.w.c.s.GenericWebApplicationContext.doClose - Closing org.springframework.web.context.support.GenericWebApplicationContext@7c206b14: startup date [Tue Oct 26 16:41:23 IST 2021]; root of context hierarchy
26-10-2021 16:41:27.458 &amp#27;[32m[main]&amp#27;[0;39m &amp#27;[34mINFO &amp#27;[0;39m o.s.c.s.DefaultLifecycleProcessor.stop - Stopping beans in phase 2147483647
26-10-2021 16:41:27.462 &amp#27;[32m[main]&amp#27;[0;39m &amp#27;[34mINFO &amp#27;[0;39m c.l.route.SimpleCamelRouteMockTest.afterTestMethod - ********************************************************************************
26-10-2021 16:41:27.463 &amp#27;[32m[main]&amp#27;[0;39m &amp#27;[34mINFO &amp#27;[0;39m c.l.route.SimpleCamelRouteMockTest.afterTestMethod - Testing done: testMoveFileMock(com.learncamel.route.SimpleCamelRouteMockTest)
26-10-2021 16:41:27.463 &amp#27;[32m[main]&amp#27;[0;39m &amp#27;[34mINFO &amp#27;[0;39m c.l.route.SimpleCamelRouteMockTest.afterTestMethod - Took: 0.177 seconds (177 millis)
26-10-2021 16:41:27.464 &amp#27;[32m[main]&amp#27;[0;39m &amp#27;[34mINFO &amp#27;[0;39m c.l.route.SimpleCamelRouteMockTest.afterTestMethod - ********************************************************************************
]]></system-out>
  </testcase>
</testsuite>